{"name": "Проверка успешного создания заказа по кнопке в хедере", "status": "broken", "statusDetails": {"message": "selenium.common.exceptions.NoSuchElementException: Message: no such element: Unable to locate element: {\"method\":\"xpath\",\"selector\":\".//*[text()=\"Арбат\"]\"}\n  (Session info: chrome=105.0.5195.127)\nStacktrace:\nBacktrace:\n\tOrdinal0 [0x00F5DF13+2219795]\n\tOrdinal0 [0x00EF2841+1779777]\n\tOrdinal0 [0x00E0423D+803389]\n\tOrdinal0 [0x00E33025+995365]\n\tOrdinal0 [0x00E331EB+995819]\n\tOrdinal0 [0x00E60F52+1183570]\n\tOrdinal0 [0x00E4E844+1108036]\n\tOrdinal0 [0x00E5F192+1175954]\n\tOrdinal0 [0x00E4E616+1107478]\n\tOrdinal0 [0x00E27F89+950153]\n\tOrdinal0 [0x00E28F56+954198]\n\tGetHandleVerifier [0x01252CB2+3040210]\n\tGetHandleVerifier [0x01242BB4+2974420]\n\tGetHandleVerifier [0x00FF6A0A+565546]\n\tGetHandleVerifier [0x00FF5680+560544]\n\tOrdinal0 [0x00EF9A5C+1808988]\n\tOrdinal0 [0x00EFE3A8+1827752]\n\tOrdinal0 [0x00EFE495+1827989]\n\tOrdinal0 [0x00F080A4+1867940]\n\tBaseThreadInitThunk [0x75C0FA29+25]\n\tRtlGetAppContainerNamedObjectPath [0x77637B5E+286]\n\tRtlGetAppContainerNamedObjectPath [0x77637B2E+238]", "trace": "self = <test.test_place_order_flow.TestPlaceOrder object at 0x0000015F65BC95D0>, driver = <selenium.webdriver.chrome.webdriver.WebDriver (session=\"b3f5d2eabc416ec59b5bdae8acb61576\")>\nuser_data = ['Ольга', 'Дмитрова', '79631111111', 'Арбат', 'Арбат, 1']\n\n    @allure.title('Проверка успешного создания заказа по кнопке в хедере')\n    # @allure.step('Открыть главную страницу {self.url}')\n    def test_place_order_via_header(self, driver, user_data):\n        driver.maximize_window()\n        driver.get(self.url)\n    \n        page = MainPage(driver)\n        page.click_cookie_button()\n    \n        page = HeaderPage(driver)\n        page.check_header_order_button_enabled()\n        page.click_header_order_button()\n    \n        page = OrderPage(driver)\n>       page.fill_place_order_form1(\n            name=user_data[0],\n            last_name=user_data[1],\n            phone_number=user_data[2],\n            metro_station=user_data[3],\n            address=user_data[4]\n        )\n\ntest_place_order_flow.py:26: \n_ _ _ _ _ _ _ _ _ _ _ _ _ _ _ _ _ _ _ _ _ _ _ _ _ _ _ _ _ _ _ _ _ _ _ _ _ _ _ _ _ _ _ _ _ _ _ _ _ _ _ _ _ _ _ _ _ _ _ _ _ _ _ _ _ _ _ _ _ _ _ _ _ _ _ _ _ _ _ _ _ _ _ _ _ _ _ _ _ _ _ _ _ _ _ _ _ _ _ _ _ _ _ _ _ _ _ _ _ _ _ _ _ _ _ _ _ _ _ _ _ _ _ _\n..\\page_object\\order_page.py:82: in fill_place_order_form1\n    self.set_metro_station(metro_station)\n..\\page_object\\order_page.py:74: in set_metro_station\n    self.driver.find_element(By.XPATH, f'.//*[text()=\"{metro_station}\"]').click()\n..\\venv\\lib\\site-packages\\selenium\\webdriver\\remote\\webdriver.py:855: in find_element\n    return self.execute(Command.FIND_ELEMENT, {\n..\\venv\\lib\\site-packages\\selenium\\webdriver\\remote\\webdriver.py:428: in execute\n    self.error_handler.check_response(response)\n_ _ _ _ _ _ _ _ _ _ _ _ _ _ _ _ _ _ _ _ _ _ _ _ _ _ _ _ _ _ _ _ _ _ _ _ _ _ _ _ _ _ _ _ _ _ _ _ _ _ _ _ _ _ _ _ _ _ _ _ _ _ _ _ _ _ _ _ _ _ _ _ _ _ _ _ _ _ _ _ _ _ _ _ _ _ _ _ _ _ _ _ _ _ _ _ _ _ _ _ _ _ _ _ _ _ _ _ _ _ _ _ _ _ _ _ _ _ _ _ _ _ _ _\n\nself = <selenium.webdriver.remote.errorhandler.ErrorHandler object at 0x0000015F65C99FC0>\nresponse = {'status': 404, 'value': '{\"value\":{\"error\":\"no such element\",\"message\":\"no such element: Unable to locate element: {\\...\\n\\\\tRtlGetAppContainerNamedObjectPath [0x77637B5E+286]\\\\n\\\\tRtlGetAppContainerNamedObjectPath [0x77637B2E+238]\\\\n\"}}'}\n\n    def check_response(self, response: Dict[str, Any]) -> None:\n        \"\"\"\n        Checks that a JSON response from the WebDriver does not have an error.\n    \n        :Args:\n         - response - The JSON response from the WebDriver server as a dictionary\n           object.\n    \n        :Raises: If the response contains an error message.\n        \"\"\"\n        status = response.get('status', None)\n        if not status or status == ErrorCode.SUCCESS:\n            return\n        value = None\n        message = response.get(\"message\", \"\")\n        screen: str = response.get(\"screen\", \"\")\n        stacktrace = None\n        if isinstance(status, int):\n            value_json = response.get('value', None)\n            if value_json and isinstance(value_json, str):\n                import json\n                try:\n                    value = json.loads(value_json)\n                    if len(value.keys()) == 1:\n                        value = value['value']\n                    status = value.get('error', None)\n                    if not status:\n                        status = value.get(\"status\", ErrorCode.UNKNOWN_ERROR)\n                        message = value.get(\"value\") or value.get(\"message\")\n                        if not isinstance(message, str):\n                            value = message\n                            message = message.get('message')\n                    else:\n                        message = value.get('message', None)\n                except ValueError:\n                    pass\n    \n        exception_class: Type[WebDriverException]\n        if status in ErrorCode.NO_SUCH_ELEMENT:\n            exception_class = NoSuchElementException\n        elif status in ErrorCode.NO_SUCH_FRAME:\n            exception_class = NoSuchFrameException\n        elif status in ErrorCode.NO_SUCH_SHADOW_ROOT:\n            exception_class = NoSuchShadowRootException\n        elif status in ErrorCode.NO_SUCH_WINDOW:\n            exception_class = NoSuchWindowException\n        elif status in ErrorCode.STALE_ELEMENT_REFERENCE:\n            exception_class = StaleElementReferenceException\n        elif status in ErrorCode.ELEMENT_NOT_VISIBLE:\n            exception_class = ElementNotVisibleException\n        elif status in ErrorCode.INVALID_ELEMENT_STATE:\n            exception_class = InvalidElementStateException\n        elif status in ErrorCode.INVALID_SELECTOR \\\n                or status in ErrorCode.INVALID_XPATH_SELECTOR \\\n                or status in ErrorCode.INVALID_XPATH_SELECTOR_RETURN_TYPER:\n            exception_class = InvalidSelectorException\n        elif status in ErrorCode.ELEMENT_IS_NOT_SELECTABLE:\n            exception_class = ElementNotSelectableException\n        elif status in ErrorCode.ELEMENT_NOT_INTERACTABLE:\n            exception_class = ElementNotInteractableException\n        elif status in ErrorCode.INVALID_COOKIE_DOMAIN:\n            exception_class = InvalidCookieDomainException\n        elif status in ErrorCode.UNABLE_TO_SET_COOKIE:\n            exception_class = UnableToSetCookieException\n        elif status in ErrorCode.TIMEOUT:\n            exception_class = TimeoutException\n        elif status in ErrorCode.SCRIPT_TIMEOUT:\n            exception_class = TimeoutException\n        elif status in ErrorCode.UNKNOWN_ERROR:\n            exception_class = WebDriverException\n        elif status in ErrorCode.UNEXPECTED_ALERT_OPEN:\n            exception_class = UnexpectedAlertPresentException\n        elif status in ErrorCode.NO_ALERT_OPEN:\n            exception_class = NoAlertPresentException\n        elif status in ErrorCode.IME_NOT_AVAILABLE:\n            exception_class = ImeNotAvailableException\n        elif status in ErrorCode.IME_ENGINE_ACTIVATION_FAILED:\n            exception_class = ImeActivationFailedException\n        elif status in ErrorCode.MOVE_TARGET_OUT_OF_BOUNDS:\n            exception_class = MoveTargetOutOfBoundsException\n        elif status in ErrorCode.JAVASCRIPT_ERROR:\n            exception_class = JavascriptException\n        elif status in ErrorCode.SESSION_NOT_CREATED:\n            exception_class = SessionNotCreatedException\n        elif status in ErrorCode.INVALID_ARGUMENT:\n            exception_class = InvalidArgumentException\n        elif status in ErrorCode.NO_SUCH_COOKIE:\n            exception_class = NoSuchCookieException\n        elif status in ErrorCode.UNABLE_TO_CAPTURE_SCREEN:\n            exception_class = ScreenshotException\n        elif status in ErrorCode.ELEMENT_CLICK_INTERCEPTED:\n            exception_class = ElementClickInterceptedException\n        elif status in ErrorCode.INSECURE_CERTIFICATE:\n            exception_class = InsecureCertificateException\n        elif status in ErrorCode.INVALID_COORDINATES:\n            exception_class = InvalidCoordinatesException\n        elif status in ErrorCode.INVALID_SESSION_ID:\n            exception_class = InvalidSessionIdException\n        elif status in ErrorCode.UNKNOWN_METHOD:\n            exception_class = UnknownMethodException\n        else:\n            exception_class = WebDriverException\n        if not value:\n            value = response['value']\n        if isinstance(value, str):\n            raise exception_class(value)\n        if message == \"\" and 'message' in value:\n            message = value['message']\n    \n        screen = None  # type: ignore[assignment]\n        if 'screen' in value:\n            screen = value['screen']\n    \n        stacktrace = None\n        st_value = value.get('stackTrace') or value.get('stacktrace')\n        if st_value:\n            if isinstance(st_value, str):\n                stacktrace = st_value.split('\\n')\n            else:\n                stacktrace = []\n                try:\n                    for frame in st_value:\n                        line = frame.get(\"lineNumber\", \"\")\n                        file = frame.get(\"fileName\", \"<anonymous>\")\n                        if line:\n                            file = f\"{file}:{line}\"\n                        meth = frame.get('methodName', '<anonymous>')\n                        if 'className' in frame:\n                            meth = \"{}.{}\".format(frame['className'], meth)\n                        msg = \"    at %s (%s)\"\n                        msg = msg % (meth, file)\n                        stacktrace.append(msg)\n                except TypeError:\n                    pass\n        if exception_class == UnexpectedAlertPresentException:\n            alert_text = None\n            if 'data' in value:\n                alert_text = value['data'].get('text')\n            elif 'alert' in value:\n                alert_text = value['alert'].get('text')\n            raise exception_class(message, screen, stacktrace, alert_text)  # type: ignore[call-arg]  # mypy is not smart enough here\n>       raise exception_class(message, screen, stacktrace)\nE       selenium.common.exceptions.NoSuchElementException: Message: no such element: Unable to locate element: {\"method\":\"xpath\",\"selector\":\".//*[text()=\"Арбат\"]\"}\nE         (Session info: chrome=105.0.5195.127)\nE       Stacktrace:\nE       Backtrace:\nE       \tOrdinal0 [0x00F5DF13+2219795]\nE       \tOrdinal0 [0x00EF2841+1779777]\nE       \tOrdinal0 [0x00E0423D+803389]\nE       \tOrdinal0 [0x00E33025+995365]\nE       \tOrdinal0 [0x00E331EB+995819]\nE       \tOrdinal0 [0x00E60F52+1183570]\nE       \tOrdinal0 [0x00E4E844+1108036]\nE       \tOrdinal0 [0x00E5F192+1175954]\nE       \tOrdinal0 [0x00E4E616+1107478]\nE       \tOrdinal0 [0x00E27F89+950153]\nE       \tOrdinal0 [0x00E28F56+954198]\nE       \tGetHandleVerifier [0x01252CB2+3040210]\nE       \tGetHandleVerifier [0x01242BB4+2974420]\nE       \tGetHandleVerifier [0x00FF6A0A+565546]\nE       \tGetHandleVerifier [0x00FF5680+560544]\nE       \tOrdinal0 [0x00EF9A5C+1808988]\nE       \tOrdinal0 [0x00EFE3A8+1827752]\nE       \tOrdinal0 [0x00EFE495+1827989]\nE       \tOrdinal0 [0x00F080A4+1867940]\nE       \tBaseThreadInitThunk [0x75C0FA29+25]\nE       \tRtlGetAppContainerNamedObjectPath [0x77637B5E+286]\nE       \tRtlGetAppContainerNamedObjectPath [0x77637B2E+238]\n\n..\\venv\\lib\\site-packages\\selenium\\webdriver\\remote\\errorhandler.py:243: NoSuchElementException"}, "steps": [{"name": "Принять cookie", "status": "passed", "start": 1664372777987, "stop": 1664372778027}, {"name": "Нажать кнопку «Заказать» в хедере", "status": "passed", "start": 1664372778041, "stop": 1664372778077}, {"name": "Заполнить все поля в форме «Для кого самокат»", "status": "broken", "statusDetails": {"message": "selenium.common.exceptions.NoSuchElementException: Message: no such element: Unable to locate element: {\"method\":\"xpath\",\"selector\":\".//*[text()=\"Арбат\"]\"}\n  (Session info: chrome=105.0.5195.127)\nStacktrace:\nBacktrace:\n\tOrdinal0 [0x00F5DF13+2219795]\n\tOrdinal0 [0x00EF2841+1779777]\n\tOrdinal0 [0x00E0423D+803389]\n\tOrdinal0 [0x00E33025+995365]\n\tOrdinal0 [0x00E331EB+995819]\n\tOrdinal0 [0x00E60F52+1183570]\n\tOrdinal0 [0x00E4E844+1108036]\n\tOrdinal0 [0x00E5F192+1175954]\n\tOrdinal0 [0x00E4E616+1107478]\n\tOrdinal0 [0x00E27F89+950153]\n\tOrdinal0 [0x00E28F56+954198]\n\tGetHandleVerifier [0x01252CB2+3040210]\n\tGetHandleVerifier [0x01242BB4+2974420]\n\tGetHandleVerifier [0x00FF6A0A+565546]\n\tGetHandleVerifier [0x00FF5680+560544]\n\tOrdinal0 [0x00EF9A5C+1808988]\n\tOrdinal0 [0x00EFE3A8+1827752]\n\tOrdinal0 [0x00EFE495+1827989]\n\tOrdinal0 [0x00F080A4+1867940]\n\tBaseThreadInitThunk [0x75C0FA29+25]\n\tRtlGetAppContainerNamedObjectPath [0x77637B5E+286]\n\tRtlGetAppContainerNamedObjectPath [0x77637B2E+238]\n\n", "trace": "  File \"C:\\Users\\ElenaKuznetsova\\PycharmProjects\\Sprint_4\\venv\\lib\\site-packages\\allure_commons\\_allure.py\", line 172, in impl\n    return func(*a, **kw)\n  File \"C:\\Users\\ElenaKuznetsova\\PycharmProjects\\Sprint_4\\page_object\\order_page.py\", line 82, in fill_place_order_form1\n    self.set_metro_station(metro_station)\n  File \"C:\\Users\\ElenaKuznetsova\\PycharmProjects\\Sprint_4\\page_object\\order_page.py\", line 74, in set_metro_station\n    self.driver.find_element(By.XPATH, f'.//*[text()=\"{metro_station}\"]').click()\n  File \"C:\\Users\\ElenaKuznetsova\\PycharmProjects\\Sprint_4\\venv\\lib\\site-packages\\selenium\\webdriver\\remote\\webdriver.py\", line 855, in find_element\n    return self.execute(Command.FIND_ELEMENT, {\n  File \"C:\\Users\\ElenaKuznetsova\\PycharmProjects\\Sprint_4\\venv\\lib\\site-packages\\selenium\\webdriver\\remote\\webdriver.py\", line 428, in execute\n    self.error_handler.check_response(response)\n  File \"C:\\Users\\ElenaKuznetsova\\PycharmProjects\\Sprint_4\\venv\\lib\\site-packages\\selenium\\webdriver\\remote\\errorhandler.py\", line 243, in check_response\n    raise exception_class(message, screen, stacktrace)\n"}, "parameters": [{"name": "name", "value": "'Ольга'"}, {"name": "last_name", "value": "'Дмитрова'"}, {"name": "phone_number", "value": "'79631111111'"}, {"name": "metro_station", "value": "'Арбат'"}, {"name": "address", "value": "'Арбат, 1'"}], "start": 1664372778077, "stop": 1664372778432}], "parameters": [{"name": "driver", "value": "<class 'selenium.webdriver.chrome.webdriver.WebDriver'>"}, {"name": "user_data", "value": "['Ольга', 'Дмитрова', '79631111111', 'Арбат', 'Арбат, 1']"}], "start": 1664372773998, "stop": 1664372778434, "uuid": "bedba464-cf72-43e0-a7aa-3f459181f62f", "historyId": "66fe175d4b77ffb28ba79b311b39590f", "testCaseId": "a04eaa0357ec442952f8b0c2a0b5431d", "fullName": "test_place_order_flow.TestPlaceOrder#test_place_order_via_header", "labels": [{"name": "suite", "value": "test_place_order_flow"}, {"name": "subSuite", "value": "TestPlaceOrder"}, {"name": "host", "value": "DESKTOP-GSERDNU"}, {"name": "thread", "value": "14108-MainThread"}, {"name": "framework", "value": "pytest"}, {"name": "language", "value": "cpython3"}, {"name": "package", "value": "test_place_order_flow"}]}